1756832268.966590 client started (47142): version 3.5a, socket /tmp/tmux-1000/default, protocol 8
1756832268.966662 on Linux 6.16.4-arch1-1 #1 SMP PREEMPT_DYNAMIC Thu, 28 Aug 2025 19:49:53 +0000
1756832268.966671 using libevent 2.1.12-stable poll
1756832268.966674 using ncurses 6.5 20240427
1756832268.966705 flags are 0x18010000
1756832268.966731 socket is /tmp/tmux-1000/default
1756832268.966752 trying connect
1756832268.966800 connect failed: No such file or directory
1756832268.966811 lock file is /tmp/tmux-1000/default.lock
1756832268.966845 flock succeeded
1756832268.966848 got lock (6)
1756832268.966853 trying connect
1756832268.966865 connect failed: No such file or directory
1756832268.967353 add peer 0x55ef50440d80: 7 ((nil))
1756832268.968099 sending message 111 to peer 0x55ef50440d80 (8 bytes)
1756832268.968109 sending message 111 to peer 0x55ef50440d80 (8 bytes)
1756832268.968114 sending message 101 to peer 0x55ef50440d80 (12 bytes)
1756832268.968118 sending message 109 to peer 0x55ef50440d80 (4 bytes)
1756832268.968122 sending message 102 to peer 0x55ef50440d80 (11 bytes)
1756832268.968126 sending message 108 to peer 0x55ef50440d80 (30 bytes)
1756832268.968130 sending message 112 to peer 0x55ef50440d80 (70 bytes)
1756832268.968134 sending message 112 to peer 0x55ef50440d80 (5 bytes)
1756832268.968137 sending message 112 to peer 0x55ef50440d80 (6 bytes)
1756832268.968140 sending message 112 to peer 0x55ef50440d80 (6 bytes)
1756832268.968143 sending message 112 to peer 0x55ef50440d80 (10 bytes)
1756832268.968146 sending message 112 to peer 0x55ef50440d80 (13 bytes)
1756832268.968149 sending message 112 to peer 0x55ef50440d80 (14 bytes)
1756832268.968158 sending message 112 to peer 0x55ef50440d80 (19 bytes)
1756832268.968161 sending message 112 to peer 0x55ef50440d80 (11 bytes)
1756832268.968165 sending message 112 to peer 0x55ef50440d80 (10 bytes)
1756832268.968169 sending message 112 to peer 0x55ef50440d80 (15 bytes)
1756832268.968172 sending message 112 to peer 0x55ef50440d80 (21 bytes)
1756832268.968175 sending message 112 to peer 0x55ef50440d80 (13 bytes)
1756832268.968178 sending message 112 to peer 0x55ef50440d80 (7 bytes)
1756832268.968181 sending message 112 to peer 0x55ef50440d80 (13 bytes)
1756832268.968185 sending message 112 to peer 0x55ef50440d80 (7 bytes)
1756832268.968188 sending message 112 to peer 0x55ef50440d80 (13 bytes)
1756832268.968191 sending message 112 to peer 0x55ef50440d80 (9 bytes)
1756832268.968194 sending message 112 to peer 0x55ef50440d80 (21 bytes)
1756832268.968198 sending message 112 to peer 0x55ef50440d80 (13 bytes)
1756832268.968201 sending message 112 to peer 0x55ef50440d80 (9 bytes)
1756832268.968204 sending message 112 to peer 0x55ef50440d80 (16 bytes)
1756832268.968207 sending message 112 to peer 0x55ef50440d80 (13 bytes)
1756832268.968210 sending message 112 to peer 0x55ef50440d80 (9 bytes)
1756832268.968214 sending message 112 to peer 0x55ef50440d80 (9 bytes)
1756832268.968217 sending message 112 to peer 0x55ef50440d80 (12 bytes)
1756832268.968220 sending message 112 to peer 0x55ef50440d80 (8 bytes)
1756832268.968223 sending message 112 to peer 0x55ef50440d80 (13 bytes)
1756832268.968226 sending message 112 to peer 0x55ef50440d80 (7 bytes)
1756832268.968229 sending message 112 to peer 0x55ef50440d80 (7 bytes)
1756832268.968232 sending message 112 to peer 0x55ef50440d80 (9 bytes)
1756832268.968236 sending message 112 to peer 0x55ef50440d80 (6 bytes)
1756832268.968239 sending message 112 to peer 0x55ef50440d80 (9 bytes)
1756832268.968242 sending message 112 to peer 0x55ef50440d80 (15 bytes)
1756832268.968245 sending message 112 to peer 0x55ef50440d80 (13 bytes)
1756832268.968248 sending message 112 to peer 0x55ef50440d80 (12 bytes)
1756832268.968251 sending message 112 to peer 0x55ef50440d80 (8 bytes)
1756832268.968254 sending message 112 to peer 0x55ef50440d80 (14 bytes)
1756832268.968275 sending message 112 to peer 0x55ef50440d80 (9 bytes)
1756832268.968280 sending message 112 to peer 0x55ef50440d80 (10 bytes)
1756832268.968286 sending message 112 to peer 0x55ef50440d80 (10 bytes)
1756832268.968305 sending message 112 to peer 0x55ef50440d80 (10 bytes)
1756832268.968312 sending message 112 to peer 0x55ef50440d80 (10 bytes)
1756832268.968318 sending message 112 to peer 0x55ef50440d80 (11 bytes)
1756832268.968321 sending message 112 to peer 0x55ef50440d80 (12 bytes)
1756832268.968324 sending message 112 to peer 0x55ef50440d80 (12 bytes)
1756832268.968327 sending message 112 to peer 0x55ef50440d80 (12 bytes)
1756832268.968330 sending message 112 to peer 0x55ef50440d80 (12 bytes)
1756832268.968333 sending message 112 to peer 0x55ef50440d80 (12 bytes)
1756832268.968335 sending message 112 to peer 0x55ef50440d80 (11 bytes)
1756832268.968338 sending message 112 to peer 0x55ef50440d80 (11 bytes)
1756832268.968341 sending message 112 to peer 0x55ef50440d80 (12 bytes)
1756832268.968344 sending message 112 to peer 0x55ef50440d80 (12 bytes)
1756832268.968347 sending message 112 to peer 0x55ef50440d80 (12 bytes)
1756832268.968350 sending message 112 to peer 0x55ef50440d80 (12 bytes)
1756832268.968352 sending message 112 to peer 0x55ef50440d80 (12 bytes)
1756832268.968356 sending message 112 to peer 0x55ef50440d80 (9 bytes)
1756832268.968358 sending message 112 to peer 0x55ef50440d80 (12 bytes)
1756832268.968361 sending message 112 to peer 0x55ef50440d80 (13 bytes)
1756832268.968364 sending message 112 to peer 0x55ef50440d80 (13 bytes)
1756832268.968367 sending message 112 to peer 0x55ef50440d80 (13 bytes)
1756832268.968370 sending message 112 to peer 0x55ef50440d80 (13 bytes)
1756832268.968372 sending message 112 to peer 0x55ef50440d80 (13 bytes)
1756832268.968375 sending message 112 to peer 0x55ef50440d80 (8 bytes)
1756832268.968378 sending message 112 to peer 0x55ef50440d80 (11 bytes)
1756832268.968381 sending message 112 to peer 0x55ef50440d80 (11 bytes)
1756832268.968384 sending message 112 to peer 0x55ef50440d80 (11 bytes)
1756832268.968387 sending message 112 to peer 0x55ef50440d80 (12 bytes)
1756832268.968390 sending message 112 to peer 0x55ef50440d80 (12 bytes)
1756832268.968393 sending message 112 to peer 0x55ef50440d80 (13 bytes)
1756832268.968395 sending message 112 to peer 0x55ef50440d80 (12 bytes)
1756832268.968398 sending message 112 to peer 0x55ef50440d80 (13 bytes)
1756832268.968401 sending message 112 to peer 0x55ef50440d80 (13 bytes)
1756832268.968404 sending message 112 to peer 0x55ef50440d80 (13 bytes)
1756832268.968407 sending message 112 to peer 0x55ef50440d80 (8 bytes)
1756832268.968409 sending message 112 to peer 0x55ef50440d80 (13 bytes)
1756832268.968412 sending message 112 to peer 0x55ef50440d80 (13 bytes)
1756832268.968415 sending message 112 to peer 0x55ef50440d80 (13 bytes)
1756832268.968418 sending message 112 to peer 0x55ef50440d80 (13 bytes)
1756832268.968421 sending message 112 to peer 0x55ef50440d80 (13 bytes)
1756832268.968423 sending message 112 to peer 0x55ef50440d80 (12 bytes)
1756832268.968426 sending message 112 to peer 0x55ef50440d80 (12 bytes)
1756832268.968429 sending message 112 to peer 0x55ef50440d80 (13 bytes)
1756832268.968432 sending message 112 to peer 0x55ef50440d80 (12 bytes)
1756832268.968435 sending message 112 to peer 0x55ef50440d80 (13 bytes)
1756832268.968438 sending message 112 to peer 0x55ef50440d80 (8 bytes)
1756832268.968441 sending message 112 to peer 0x55ef50440d80 (13 bytes)
1756832268.968443 sending message 112 to peer 0x55ef50440d80 (13 bytes)
1756832268.968446 sending message 112 to peer 0x55ef50440d80 (13 bytes)
1756832268.968449 sending message 112 to peer 0x55ef50440d80 (13 bytes)
1756832268.968452 sending message 112 to peer 0x55ef50440d80 (13 bytes)
1756832268.968455 sending message 112 to peer 0x55ef50440d80 (13 bytes)
1756832268.968458 sending message 112 to peer 0x55ef50440d80 (13 bytes)
1756832268.968460 sending message 112 to peer 0x55ef50440d80 (12 bytes)
1756832268.968463 sending message 112 to peer 0x55ef50440d80 (12 bytes)
1756832268.968466 sending message 112 to peer 0x55ef50440d80 (13 bytes)
1756832268.968469 sending message 112 to peer 0x55ef50440d80 (8 bytes)
1756832268.968471 sending message 112 to peer 0x55ef50440d80 (12 bytes)
1756832268.968478 sending message 112 to peer 0x55ef50440d80 (13 bytes)
1756832268.968481 sending message 112 to peer 0x55ef50440d80 (13 bytes)
1756832268.968484 sending message 112 to peer 0x55ef50440d80 (13 bytes)
1756832268.968487 sending message 112 to peer 0x55ef50440d80 (13 bytes)
1756832268.968490 sending message 112 to peer 0x55ef50440d80 (13 bytes)
1756832268.968492 sending message 112 to peer 0x55ef50440d80 (13 bytes)
1756832268.968495 sending message 112 to peer 0x55ef50440d80 (13 bytes)
1756832268.968498 sending message 112 to peer 0x55ef50440d80 (13 bytes)
1756832268.968501 sending message 112 to peer 0x55ef50440d80 (12 bytes)
1756832268.968504 sending message 112 to peer 0x55ef50440d80 (10 bytes)
1756832268.968507 sending message 112 to peer 0x55ef50440d80 (12 bytes)
1756832268.968510 sending message 112 to peer 0x55ef50440d80 (13 bytes)
1756832268.968512 sending message 112 to peer 0x55ef50440d80 (12 bytes)
1756832268.968515 sending message 112 to peer 0x55ef50440d80 (13 bytes)
1756832268.968518 sending message 112 to peer 0x55ef50440d80 (13 bytes)
1756832268.968521 sending message 112 to peer 0x55ef50440d80 (13 bytes)
1756832268.968524 sending message 112 to peer 0x55ef50440d80 (13 bytes)
1756832268.968527 sending message 112 to peer 0x55ef50440d80 (13 bytes)
1756832268.968530 sending message 112 to peer 0x55ef50440d80 (13 bytes)
1756832268.968533 sending message 112 to peer 0x55ef50440d80 (13 bytes)
1756832268.968536 sending message 112 to peer 0x55ef50440d80 (10 bytes)
1756832268.968539 sending message 112 to peer 0x55ef50440d80 (13 bytes)
1756832268.968541 sending message 112 to peer 0x55ef50440d80 (12 bytes)
1756832268.968544 sending message 112 to peer 0x55ef50440d80 (12 bytes)
1756832268.968547 sending message 112 to peer 0x55ef50440d80 (13 bytes)
1756832268.968550 sending message 112 to peer 0x55ef50440d80 (10 bytes)
1756832268.968552 sending message 112 to peer 0x55ef50440d80 (10 bytes)
1756832268.968555 sending message 112 to peer 0x55ef50440d80 (10 bytes)
1756832268.968558 sending message 112 to peer 0x55ef50440d80 (12 bytes)
1756832268.968561 sending message 112 to peer 0x55ef50440d80 (13 bytes)
1756832268.968564 sending message 112 to peer 0x55ef50440d80 (13 bytes)
1756832268.968567 sending message 112 to peer 0x55ef50440d80 (13 bytes)
1756832268.968570 sending message 112 to peer 0x55ef50440d80 (13 bytes)
1756832268.968572 sending message 112 to peer 0x55ef50440d80 (13 bytes)
1756832268.968575 sending message 112 to peer 0x55ef50440d80 (10 bytes)
1756832268.968578 sending message 112 to peer 0x55ef50440d80 (11 bytes)
1756832268.968581 sending message 112 to peer 0x55ef50440d80 (12 bytes)
1756832268.968584 sending message 112 to peer 0x55ef50440d80 (12 bytes)
1756832268.968586 sending message 112 to peer 0x55ef50440d80 (12 bytes)
1756832268.968589 sending message 112 to peer 0x55ef50440d80 (12 bytes)
1756832268.968592 sending message 112 to peer 0x55ef50440d80 (12 bytes)
1756832268.968595 sending message 112 to peer 0x55ef50440d80 (11 bytes)
1756832268.968598 sending message 112 to peer 0x55ef50440d80 (12 bytes)
1756832268.968601 sending message 112 to peer 0x55ef50440d80 (12 bytes)
1756832268.968603 sending message 112 to peer 0x55ef50440d80 (13 bytes)
1756832268.968606 sending message 112 to peer 0x55ef50440d80 (13 bytes)
1756832268.968609 sending message 112 to peer 0x55ef50440d80 (13 bytes)
1756832268.968612 sending message 112 to peer 0x55ef50440d80 (13 bytes)
1756832268.968615 sending message 112 to peer 0x55ef50440d80 (13 bytes)
1756832268.968617 sending message 112 to peer 0x55ef50440d80 (10 bytes)
1756832268.968620 sending message 112 to peer 0x55ef50440d80 (9 bytes)
1756832268.968623 sending message 112 to peer 0x55ef50440d80 (12 bytes)
1756832268.968626 sending message 112 to peer 0x55ef50440d80 (13 bytes)
1756832268.968629 sending message 112 to peer 0x55ef50440d80 (13 bytes)
1756832268.968632 sending message 112 to peer 0x55ef50440d80 (13 bytes)
1756832268.968634 sending message 112 to peer 0x55ef50440d80 (13 bytes)
1756832268.968637 sending message 112 to peer 0x55ef50440d80 (13 bytes)
1756832268.968643 sending message 112 to peer 0x55ef50440d80 (9 bytes)
1756832268.968646 sending message 112 to peer 0x55ef50440d80 (12 bytes)
1756832268.968649 sending message 112 to peer 0x55ef50440d80 (13 bytes)
1756832268.968652 sending message 112 to peer 0x55ef50440d80 (13 bytes)
1756832268.968655 sending message 112 to peer 0x55ef50440d80 (13 bytes)
1756832268.968658 sending message 112 to peer 0x55ef50440d80 (13 bytes)
1756832268.968660 sending message 112 to peer 0x55ef50440d80 (13 bytes)
1756832268.968663 sending message 112 to peer 0x55ef50440d80 (11 bytes)
1756832268.968666 sending message 112 to peer 0x55ef50440d80 (12 bytes)
1756832268.968669 sending message 112 to peer 0x55ef50440d80 (13 bytes)
1756832268.968672 sending message 112 to peer 0x55ef50440d80 (13 bytes)
1756832268.968675 sending message 112 to peer 0x55ef50440d80 (13 bytes)
1756832268.968677 sending message 112 to peer 0x55ef50440d80 (13 bytes)
1756832268.968680 sending message 112 to peer 0x55ef50440d80 (13 bytes)
1756832268.968683 sending message 112 to peer 0x55ef50440d80 (11 bytes)
1756832268.968686 sending message 112 to peer 0x55ef50440d80 (12 bytes)
1756832268.968689 sending message 112 to peer 0x55ef50440d80 (12 bytes)
1756832268.968692 sending message 112 to peer 0x55ef50440d80 (12 bytes)
1756832268.968695 sending message 112 to peer 0x55ef50440d80 (12 bytes)
1756832268.968698 sending message 112 to peer 0x55ef50440d80 (12 bytes)
1756832268.968701 sending message 112 to peer 0x55ef50440d80 (22 bytes)
1756832268.968704 sending message 112 to peer 0x55ef50440d80 (12 bytes)
1756832268.968707 sending message 112 to peer 0x55ef50440d80 (9 bytes)
1756832268.968710 sending message 112 to peer 0x55ef50440d80 (6 bytes)
1756832268.968713 sending message 112 to peer 0x55ef50440d80 (13 bytes)
1756832268.968716 sending message 112 to peer 0x55ef50440d80 (10 bytes)
1756832268.968719 sending message 112 to peer 0x55ef50440d80 (15 bytes)
1756832268.968722 sending message 112 to peer 0x55ef50440d80 (11 bytes)
1756832268.968725 sending message 112 to peer 0x55ef50440d80 (9 bytes)
1756832268.968728 sending message 112 to peer 0x55ef50440d80 (70 bytes)
1756832268.968732 sending message 112 to peer 0x55ef50440d80 (69 bytes)
1756832268.968735 sending message 112 to peer 0x55ef50440d80 (34 bytes)
1756832268.968738 sending message 112 to peer 0x55ef50440d80 (34 bytes)
1756832268.968742 sending message 112 to peer 0x55ef50440d80 (69 bytes)
1756832268.968745 sending message 112 to peer 0x55ef50440d80 (12 bytes)
1756832268.968748 sending message 112 to peer 0x55ef50440d80 (10 bytes)
1756832268.968752 sending message 112 to peer 0x55ef50440d80 (10 bytes)
1756832268.968755 sending message 112 to peer 0x55ef50440d80 (15 bytes)
1756832268.968759 sending message 112 to peer 0x55ef50440d80 (11 bytes)
1756832268.968762 sending message 112 to peer 0x55ef50440d80 (10 bytes)
1756832268.968765 sending message 112 to peer 0x55ef50440d80 (10 bytes)
1756832268.968768 sending message 112 to peer 0x55ef50440d80 (17 bytes)
1756832268.968771 sending message 112 to peer 0x55ef50440d80 (10 bytes)
1756832268.968774 sending message 112 to peer 0x55ef50440d80 (13 bytes)
1756832268.968777 sending message 112 to peer 0x55ef50440d80 (17 bytes)
1756832268.968780 sending message 112 to peer 0x55ef50440d80 (5 bytes)
1756832268.968783 sending message 112 to peer 0x55ef50440d80 (9 bytes)
1756832268.968786 sending message 112 to peer 0x55ef50440d80 (15 bytes)
1756832268.968791 sending message 104 to peer 0x55ef50440d80 (0 bytes)
1756832268.968794 sending message 110 to peer 0x55ef50440d80 (0 bytes)
1756832268.968798 sending message 107 to peer 0x55ef50440d80 (4 bytes)
1756832268.968803 sending message 105 to peer 0x55ef50440d80 (16 bytes)
1756832268.968806 sending message 105 to peer 0x55ef50440d80 (20 bytes)
1756832268.968810 sending message 105 to peer 0x55ef50440d80 (22 bytes)
1756832268.968813 sending message 105 to peer 0x55ef50440d80 (20 bytes)
1756832268.968816 sending message 105 to peer 0x55ef50440d80 (55 bytes)
1756832268.968819 sending message 105 to peer 0x55ef50440d80 (15 bytes)
1756832268.968825 sending message 105 to peer 0x55ef50440d80 (64 bytes)
1756832268.968829 sending message 105 to peer 0x55ef50440d80 (16 bytes)
1756832268.968832 sending message 105 to peer 0x55ef50440d80 (15 bytes)
1756832268.968835 sending message 105 to peer 0x55ef50440d80 (34 bytes)
1756832268.968838 sending message 105 to peer 0x55ef50440d80 (15 bytes)
1756832268.968842 sending message 105 to peer 0x55ef50440d80 (25 bytes)
1756832268.968845 sending message 105 to peer 0x55ef50440d80 (60 bytes)
1756832268.968848 sending message 105 to peer 0x55ef50440d80 (15 bytes)
1756832268.968851 sending message 105 to peer 0x55ef50440d80 (18 bytes)
1756832268.968854 sending message 105 to peer 0x55ef50440d80 (17 bytes)
1756832268.968858 sending message 105 to peer 0x55ef50440d80 (30 bytes)
1756832268.968861 sending message 105 to peer 0x55ef50440d80 (29 bytes)
1756832268.968865 sending message 105 to peer 0x55ef50440d80 (26 bytes)
1756832268.968868 sending message 105 to peer 0x55ef50440d80 (18 bytes)
1756832268.968871 sending message 105 to peer 0x55ef50440d80 (23 bytes)
1756832268.968874 sending message 105 to peer 0x55ef50440d80 (33 bytes)
1756832268.968877 sending message 105 to peer 0x55ef50440d80 (17 bytes)
1756832268.968880 sending message 105 to peer 0x55ef50440d80 (12 bytes)
1756832268.968884 sending message 105 to peer 0x55ef50440d80 (90 bytes)
1756832268.968887 sending message 105 to peer 0x55ef50440d80 (11 bytes)
1756832268.968890 sending message 105 to peer 0x55ef50440d80 (8 bytes)
1756832268.968893 sending message 105 to peer 0x55ef50440d80 (21 bytes)
1756832268.968897 sending message 105 to peer 0x55ef50440d80 (11 bytes)
1756832268.968900 sending message 105 to peer 0x55ef50440d80 (17 bytes)
1756832268.968903 sending message 105 to peer 0x55ef50440d80 (31 bytes)
1756832268.968907 sending message 105 to peer 0x55ef50440d80 (413 bytes)
1756832268.968911 sending message 105 to peer 0x55ef50440d80 (50 bytes)
1756832268.968914 sending message 105 to peer 0x55ef50440d80 (391 bytes)
1756832268.968918 sending message 105 to peer 0x55ef50440d80 (54 bytes)
1756832268.968921 sending message 105 to peer 0x55ef50440d80 (28 bytes)
1756832268.968925 sending message 105 to peer 0x55ef50440d80 (38 bytes)
1756832268.968928 sending message 105 to peer 0x55ef50440d80 (33 bytes)
1756832268.968931 sending message 105 to peer 0x55ef50440d80 (19 bytes)
1756832268.968934 sending message 105 to peer 0x55ef50440d80 (16 bytes)
1756832268.968937 sending message 106 to peer 0x55ef50440d80 (0 bytes)
1756832268.969028 sending message 200 to peer 0x55ef50440d80 (4 bytes)
1756832268.969031 client loop enter
1756832268.969055 client_signal: Child exited
1756832269.042571 peer 0x55ef50440d80 message 207
1756832269.042597 sending message 208 to peer 0x55ef50440d80 (0 bytes)
1756832275.824608 client loop exit
